{"/home/segura/Desarrollo web/Exercices/prueba-tecnica-jr/pruebas/sumarDos.js": {"path":"/home/segura/Desarrollo web/Exercices/prueba-tecnica-jr/pruebas/sumarDos.js","all":false,"statementMap":{"0":{"start":{"line":1,"column":0},"end":{"line":1,"column":2}},"1":{"start":{"line":2,"column":0},"end":{"line":2,"column":60}},"2":{"start":{"line":3,"column":0},"end":{"line":3,"column":68}},"3":{"start":{"line":4,"column":0},"end":{"line":4,"column":24}},"4":{"start":{"line":5,"column":0},"end":{"line":5,"column":0}},"5":{"start":{"line":6,"column":0},"end":{"line":6,"column":32}},"6":{"start":{"line":7,"column":0},"end":{"line":7,"column":27}},"7":{"start":{"line":8,"column":0},"end":{"line":8,"column":29}},"8":{"start":{"line":9,"column":0},"end":{"line":9,"column":32}},"9":{"start":{"line":10,"column":0},"end":{"line":10,"column":28}},"10":{"start":{"line":11,"column":0},"end":{"line":11,"column":7}},"11":{"start":{"line":12,"column":0},"end":{"line":12,"column":5}},"12":{"start":{"line":13,"column":0},"end":{"line":13,"column":3}},"13":{"start":{"line":14,"column":0},"end":{"line":14,"column":53}},"14":{"start":{"line":15,"column":0},"end":{"line":15,"column":2}},"15":{"start":{"line":16,"column":0},"end":{"line":16,"column":0}},"16":{"start":{"line":17,"column":0},"end":{"line":17,"column":48}},"17":{"start":{"line":18,"column":0},"end":{"line":18,"column":45}},"18":{"start":{"line":19,"column":0},"end":{"line":19,"column":77}},"19":{"start":{"line":20,"column":0},"end":{"line":20,"column":78}},"20":{"start":{"line":21,"column":0},"end":{"line":21,"column":0}},"21":{"start":{"line":22,"column":0},"end":{"line":22,"column":26}},"22":{"start":{"line":23,"column":0},"end":{"line":23,"column":0}},"23":{"start":{"line":24,"column":0},"end":{"line":24,"column":0}},"24":{"start":{"line":25,"column":0},"end":{"line":25,"column":0}},"25":{"start":{"line":26,"column":0},"end":{"line":26,"column":0}},"26":{"start":{"line":27,"column":0},"end":{"line":27,"column":0}},"27":{"start":{"line":28,"column":0},"end":{"line":28,"column":0}},"28":{"start":{"line":29,"column":0},"end":{"line":29,"column":39057}}},"s":{"0":1,"1":1,"2":1,"3":1,"4":1,"5":1,"6":2,"7":3,"8":11,"9":2,"10":2,"11":11,"12":1,"13":0,"14":0,"15":1,"16":1,"17":1,"18":1,"19":1,"20":1,"21":1,"22":1,"23":1,"24":1,"25":1,"26":1,"27":1,"28":1},"branchMap":{"0":{"type":"branch","line":6,"loc":{"start":{"line":6,"column":17},"end":{"line":15,"column":2}},"locations":[{"start":{"line":6,"column":17},"end":{"line":15,"column":2}}]},"1":{"type":"branch","line":7,"loc":{"start":{"line":7,"column":26},"end":{"line":13,"column":3}},"locations":[{"start":{"line":7,"column":26},"end":{"line":13,"column":3}}]},"2":{"type":"branch","line":8,"loc":{"start":{"line":8,"column":28},"end":{"line":12,"column":5}},"locations":[{"start":{"line":8,"column":28},"end":{"line":12,"column":5}}]},"3":{"type":"branch","line":9,"loc":{"start":{"line":9,"column":31},"end":{"line":11,"column":7}},"locations":[{"start":{"line":9,"column":31},"end":{"line":11,"column":7}}]},"4":{"type":"branch","line":12,"loc":{"start":{"line":12,"column":4},"end":{"line":13,"column":3}},"locations":[{"start":{"line":12,"column":4},"end":{"line":13,"column":3}}]},"5":{"type":"branch","line":13,"loc":{"start":{"line":13,"column":2},"end":{"line":15,"column":2}},"locations":[{"start":{"line":13,"column":2},"end":{"line":15,"column":2}}]},"6":{"type":"branch","line":29,"loc":{"start":{"line":29,"column":68},"end":{"line":29,"column":38390}},"locations":[{"start":{"line":29,"column":68},"end":{"line":29,"column":38390}}]},"7":{"type":"branch","line":29,"loc":{"start":{"line":29,"column":133},"end":{"line":29,"column":38377}},"locations":[{"start":{"line":29,"column":133},"end":{"line":29,"column":38377}}]},"8":{"type":"branch","line":29,"loc":{"start":{"line":29,"column":38379},"end":{"line":29,"column":38389}},"locations":[{"start":{"line":29,"column":38379},"end":{"line":29,"column":38389}}]},"9":{"type":"branch","line":29,"loc":{"start":{"line":29,"column":38417},"end":{"line":29,"column":38490}},"locations":[{"start":{"line":29,"column":38417},"end":{"line":29,"column":38490}}]},"10":{"type":"branch","line":29,"loc":{"start":{"line":29,"column":38470},"end":{"line":29,"column":38481}},"locations":[{"start":{"line":29,"column":38470},"end":{"line":29,"column":38481}}]}},"b":{"0":[2],"1":[3],"2":[11],"3":[2],"4":[1],"5":[0],"6":[1],"7":[1],"8":[1],"9":[1],"10":[1]},"fnMap":{"0":{"name":"sumarDos","decl":{"start":{"line":6,"column":17},"end":{"line":15,"column":2}},"loc":{"start":{"line":6,"column":17},"end":{"line":15,"column":2}},"line":6},"1":{"name":"oo_cm","decl":{"start":{"line":29,"column":68},"end":{"line":29,"column":38390}},"loc":{"start":{"line":29,"column":68},"end":{"line":29,"column":38390}},"line":29},"2":{"name":"oo_oo","decl":{"start":{"line":29,"column":38417},"end":{"line":29,"column":38490}},"loc":{"start":{"line":29,"column":38417},"end":{"line":29,"column":38490}},"line":29},"3":{"name":"oo_tr","decl":{"start":{"line":29,"column":38517},"end":{"line":29,"column":38592}},"loc":{"start":{"line":29,"column":38517},"end":{"line":29,"column":38592}},"line":29},"4":{"name":"oo_ts","decl":{"start":{"line":29,"column":38619},"end":{"line":29,"column":38686}},"loc":{"start":{"line":29,"column":38619},"end":{"line":29,"column":38686}},"line":29},"5":{"name":"oo_te","decl":{"start":{"line":29,"column":38713},"end":{"line":29,"column":38789}},"loc":{"start":{"line":29,"column":38713},"end":{"line":29,"column":38789}},"line":29}},"f":{"0":2,"1":1,"2":1,"3":1,"4":1,"5":1}}
}
