TN:
SF:pruebas/sumarDos.js
FN:6,sumarDos
FN:29,oo_cm
FN:29,oo_oo
FN:29,oo_tr
FN:29,oo_ts
FN:29,oo_te
FNF:6
FNH:6
FNDA:2,sumarDos
FNDA:1,oo_cm
FNDA:1,oo_oo
FNDA:1,oo_tr
FNDA:1,oo_ts
FNDA:1,oo_te
DA:1,1
DA:2,1
DA:3,1
DA:4,1
DA:5,1
DA:6,1
DA:7,2
DA:8,3
DA:9,11
DA:10,2
DA:11,2
DA:12,11
DA:13,1
DA:14,0
DA:15,0
DA:16,1
DA:17,1
DA:18,1
DA:19,1
DA:20,1
DA:21,1
DA:22,1
DA:23,1
DA:24,1
DA:25,1
DA:26,1
DA:27,1
DA:28,1
DA:29,1
LF:29
LH:27
BRDA:6,0,0,2
BRDA:7,1,0,3
BRDA:8,2,0,11
BRDA:9,3,0,2
BRDA:12,4,0,1
BRDA:13,5,0,0
BRDA:29,6,0,1
BRDA:29,7,0,1
BRDA:29,8,0,1
BRDA:29,9,0,1
BRDA:29,10,0,1
BRF:11
BRH:10
end_of_record
